<?xml version="1.0" encoding="UTF-8"?>
<!-- Generated by org.testng.reporters.JUnitReportReporter -->
<testsuite hostname="DESKTOP-4IE01BQ" failures="0" tests="1" name="com.Guru.TestCases.TC_LoginTest_001" time="1.174" errors="0" timestamp="12 Jan 2023 20:50:55 GMT" skipped="0">
  <testcase classname="com.Guru.TestCases.TC_LoginTest_001" name="loginTest" time="1.174"/>
</testsuite> <!-- com.Guru.TestCases.TC_LoginTest_001 -->
