<?xml version="1.0" encoding="UTF-8"?>
<!-- Generated by org.testng.reporters.JUnitReportReporter -->
<testsuite hostname="DESKTOP-4IE01BQ" failures="0" tests="2" name="com.Guru.TestCases.TC_HomePageTest_002" time="0.148" errors="0" timestamp="12 Jan 2023 20:50:55 GMT" skipped="0">
  <testcase classname="com.Guru.TestCases.TC_HomePageTest_002" name="homePage_Title_Validation_Test" time="0.040"/>
  <testcase classname="com.Guru.TestCases.TC_HomePageTest_002" name="homePage_LoginID_Validation_Test" time="0.108"/>
</testsuite> <!-- com.Guru.TestCases.TC_HomePageTest_002 -->
