<?xml version="1.0" encoding="UTF-8"?>
<!-- Generated by org.testng.reporters.JUnitReportReporter -->
<testsuite hostname="DESKTOP-4IE01BQ" failures="0" tests="1" name="com.Guru.TestCases.BaseClass" time="0.004" errors="0" timestamp="12 Jan 2023 07:38:57 GMT" skipped="0">
  <testcase classname="com.Guru.TestCases.BaseClass" name="test" time="0.004"/>
</testsuite> <!-- com.Guru.TestCases.BaseClass -->
